<?xml version="1.0" encoding="UTF-8"?>
<testsuites name="jest tests" tests="2" failures="0" errors="0" time="4.192">
  <testsuite name="Accessing unknown endpoints" errors="0" failures="0" skipped="0" timestamp="2024-02-08T09:53:41" time="4.162" tests="2">
    <testcase classname="Accessing unknown endpoints should return a 404 error with &apos;Unknown endpoint&apos; message" name="Accessing unknown endpoints should return a 404 error with &apos;Unknown endpoint&apos; message" time="0.004">
    </testcase>
    <testcase classname="Accessing endpoints with malformatted id should return a 400 error with &apos;Malformatted id&apos; message" name="Accessing endpoints with malformatted id should return a 400 error with &apos;Malformatted id&apos; message" time="0.535">
    </testcase>
  </testsuite>
</testsuites>